TN:
SF:code/calculator.js
FN:1,add
FN:5,subtract
FN:9,divide
FN:13,multiply
FNF:4
FNH:4
FNDA:1,add
FNDA:1,subtract
FNDA:1,divide
FNDA:1,multiply
DA:2,1
DA:6,1
DA:10,1
DA:14,1
LF:4
LH:4
BRF:0
BRH:0
end_of_record
TN:
SF:code/capitalize.js
FN:1,capitalize
FNF:1
FNH:1
FNDA:2,capitalize
DA:2,2
DA:4,2
LF:2
LH:2
BRF:0
BRH:0
end_of_record
TN:
SF:code/ceasorCipher.js
FN:1,ceasorCipher
FNF:1
FNH:1
FNDA:4,ceasorCipher
DA:2,4
DA:3,4
DA:5,4
DA:6,17
DA:8,17
DA:11,4
DA:14,1
DA:15,1
DA:17,1
DA:18,1
LF:10
LH:10
BRDA:1,0,0,0
BRF:1
BRH:0
end_of_record
TN:
SF:code/reverseString.js
FN:1,reverseString
FNF:1
FNH:1
FNDA:2,reverseString
DA:2,2
DA:3,2
DA:4,2
LF:3
LH:3
BRF:0
BRH:0
end_of_record
